#
# A fatal error has been detected by the Java Runtime Environment:
#
#  EXCEPTION_ACCESS_VIOLATION (0xc0000005) at pc=0x00007fffefd82777, pid=2516, tid=14624
#
# JRE version: Java(TM) SE Runtime Environment 18.9 (11.0.9+7) (build 11.0.9+7-LTS)
# Java VM: Java HotSpot(TM) 64-Bit Server VM 18.9 (11.0.9+7-LTS, mixed mode, tiered, compressed oops, g1 gc, windows-amd64)
# Problematic frame:
# C  [ig9icd64.dll+0x12777]
#
# No core dump will be written. Minidumps are not enabled by default on client versions of Windows
#
# If you would like to submit a bug report, please visit:
#   https://bugreport.java.com/bugreport/crash.jsp
# The crash happened outside the Java Virtual Machine in native code.
# See problematic frame for where to report the bug.
#

---------------  S U M M A R Y ------------

Command Line: -Dfile.encoding=windows-1255 -Duser.country=IL -Duser.language=iw -Duser.variant Main

Host: Intel(R) Core(TM) i7-8550U CPU @ 1.80GHz, 8 cores, 7G,  Windows 10 , 64 bit Build 19041 (10.0.19041.1151)
Time: Fri Sep  3 17:06:28 2021 ˘ÚÂÔ ˜Èı È¯Â˘ÏÈÌ elapsed time: 1.607048 seconds (0d 0h 0m 1s)

---------------  T H R E A D  ---------------

Current thread (0x0000026bf7c38000):  JavaThread "main" [_thread_in_native, id=14624, stack(0x000000bd91300000,0x000000bd91400000)]

Stack: [0x000000bd91300000,0x000000bd91400000],  sp=0x000000bd913fef70,  free space=1019k
Native frames: (J=compiled Java code, j=interpreted, Vv=VM code, C=native code)
C  [ig9icd64.dll+0x12777]

Java frames: (J=compiled Java code, j=interpreted, Vv=VM code)
J 818  org.lwjgl.opengl.GL11C.glClear(I)V (0 bytes) @ 0x0000026b8feaba81 [0x0000026b8feaba40+0x0000000000000041]
J 824 c2 org.lwjgl.opengl.GL11.glClear(I)V (5 bytes) @ 0x0000026b8feac9b4 [0x0000026b8feac9a0+0x0000000000000014]
j  jade.Window.loop()V+42
j  jade.Window.run()V+19
j  Main.main([Ljava/lang/String;)V+5
v  ~StubRoutines::call_stub

siginfo: EXCEPTION_ACCESS_VIOLATION (0xc0000005), writing address 0x0000026b9ae50000


Register to memory mapping:

RIP=0x00007fffefd82777 ig9icd64.dll
RAX=0x00000000680b0000 is an unknown value
RBX=0x0000026b97d73c90 points into unknown readable memory: 00 00 00 00 00 00 00 00
RCX=0x0000026b9ae50000 is an unknown value
RDX=0x00007ffff0c655d0 ig9icd64.dll
RSP=0x000000bd913fef70 is pointing into the stack for thread: 0x0000026bf7c38000
RBP=0x0000026b97d3f140 points into unknown readable memory: 40 cb a0 97 6b 02 00 00
RSI=0x0000000000000780 is an unknown value
RDI=0x0 is NULL
R8 =0x0000000000000004 is an unknown value
R9 =0x0 is NULL
R10=0x00007ff82dddc3e0 lwjgl_opengl.dll
R11=0x0000026b8feac9a0 is at entry_point+0 in (nmethod*)0x0000026b8feac810
R12=0x0 is NULL
R13=0x000000bd913ff1a0 is pointing into the stack for thread: 0x0000026bf7c38000
R14=0x0000026b97a6e670 points into unknown readable memory: 00 00 00 00 01 02 00 00
R15=0x0 is NULL


Registers:
RAX=0x00000000680b0000, RBX=0x0000026b97d73c90, RCX=0x0000026b9ae50000, RDX=0x00007ffff0c655d0
RSP=0x000000bd913fef70, RBP=0x0000026b97d3f140, RSI=0x0000000000000780, RDI=0x0000000000000000
R8 =0x0000000000000004, R9 =0x0000000000000000, R10=0x00007ff82dddc3e0, R11=0x0000026b8feac9a0
R12=0x0000000000000000, R13=0x000000bd913ff1a0, R14=0x0000026b97a6e670, R15=0x0000000000000000
RIP=0x00007fffefd82777, EFLAGS=0x0000000000010202

Top of Stack: (sp=0x000000bd913fef70)
0x000000bd913fef70:   0000000000000007 0000000000000000
0x000000bd913fef80:   0000000000000001 0000026b97d772b0
0x000000bd913fef90:   0000026b97d3f140 00007ffff0608fbf
0x000000bd913fefa0:   ffffffffffffffff 00007ff86ee4e703
0x000000bd913fefb0:   000000bd913ff080 00007ff8098ffdf2
0x000000bd913fefc0:   0000000000000001 00007ff86fa42eeb
0x000000bd913fefd0:   000000bd913feff0 0000000000000007
0x000000bd913fefe0:   000000bd00000001 0000026b00000000
0x000000bd913feff0:   3f80000000000000 000000bd913ff000
0x000000bd913ff000:   0000000000004000 0000026b97d3f140
0x000000bd913ff010:   0000000000000780 00000000000003e8
0x000000bd913ff020:   000000bd913ff0e0 00007ffff074db5a
0x000000bd913ff030:   000000003f800000 0000000000000000
0x000000bd913ff040:   000000003f800000 0000000000000000
0x000000bd913ff050:   0000026b00000000 00007ff800000780
0x000000bd913ff060:   000000bd000003e8 0000000000000002 

Instructions: (pc=0x00007fffefd82777)
0x00007fffefd82757:   0f 84 3a 04 00 00 49 83 f8 03 75 12 0f b7 02 66
0x00007fffefd82767:   89 01 0f b6 42 02 88 41 02 48 83 c4 28 c3 8b 02
0x00007fffefd82777:   89 01 48 83 c4 28 c3 49 83 f8 08 76 2f f6 c1 03
0x00007fffefd82787:   74 2a f6 c1 01 74 0e 0f b6 02 49 ff c8 88 01 48 


Stack slot to memory mapping:
stack at sp + 0 slots: 0x0000000000000007 is an unknown value
stack at sp + 1 slots: 0x0 is NULL
stack at sp + 2 slots: 0x0000000000000001 is an unknown value
stack at sp + 3 slots: 0x0000026b97d772b0 points into unknown readable memory: 01 00 00 00 ff ff ff ff
stack at sp + 4 slots: 0x0000026b97d3f140 points into unknown readable memory: 40 cb a0 97 6b 02 00 00
stack at sp + 5 slots: 0x00007ffff0608fbf ig9icd64.dll
stack at sp + 6 slots: 0xffffffffffffffff is an unknown value
stack at sp + 7 slots: 0x00007ff86ee4e703 USER32.dll


---------------  P R O C E S S  ---------------

Threads class SMR info:
_java_thread_list=0x0000026b97562e40, length=10, elements={
0x0000026bf7c38000, 0x0000026bff604000, 0x0000026bff60d000, 0x0000026b973e3000,
0x0000026bff61c000, 0x0000026bff61d000, 0x0000026bff62d800, 0x0000026bff62e800,
0x0000026b97558800, 0x0000026b97563800
}

Java Threads: ( => current thread )
=>0x0000026bf7c38000 JavaThread "main" [_thread_in_native, id=14624, stack(0x000000bd91300000,0x000000bd91400000)]
  0x0000026bff604000 JavaThread "Reference Handler" daemon [_thread_blocked, id=12480, stack(0x000000bd91a00000,0x000000bd91b00000)]
  0x0000026bff60d000 JavaThread "Finalizer" daemon [_thread_blocked, id=9784, stack(0x000000bd91b00000,0x000000bd91c00000)]
  0x0000026b973e3000 JavaThread "Signal Dispatcher" daemon [_thread_blocked, id=16332, stack(0x000000bd91c00000,0x000000bd91d00000)]
  0x0000026bff61c000 JavaThread "Attach Listener" daemon [_thread_blocked, id=16756, stack(0x000000bd91d00000,0x000000bd91e00000)]
  0x0000026bff61d000 JavaThread "C2 CompilerThread0" daemon [_thread_blocked, id=7508, stack(0x000000bd91e00000,0x000000bd91f00000)]
  0x0000026bff62d800 JavaThread "C1 CompilerThread0" daemon [_thread_blocked, id=7648, stack(0x000000bd91f00000,0x000000bd92000000)]
  0x0000026bff62e800 JavaThread "Sweeper thread" daemon [_thread_blocked, id=9480, stack(0x000000bd92000000,0x000000bd92100000)]
  0x0000026b97558800 JavaThread "Service Thread" daemon [_thread_blocked, id=14876, stack(0x000000bd92100000,0x000000bd92200000)]
  0x0000026b97563800 JavaThread "Common-Cleaner" daemon [_thread_blocked, id=17324, stack(0x000000bd92300000,0x000000bd92400000)]

Other Threads:
  0x0000026bff601800 VMThread "VM Thread" [stack: 0x000000bd91900000,0x000000bd91a00000] [id=16032]
  0x0000026b97561800 WatcherThread [stack: 0x000000bd92200000,0x000000bd92300000] [id=1832]
  0x0000026bf7c4f000 GCTaskThread "GC Thread#0" [stack: 0x000000bd91400000,0x000000bd91500000] [id=2612]
  0x0000026bf7c80000 ConcurrentGCThread "G1 Main Marker" [stack: 0x000000bd91500000,0x000000bd91600000] [id=11052]
  0x0000026bf7c82000 ConcurrentGCThread "G1 Conc#0" [stack: 0x000000bd91600000,0x000000bd91700000] [id=5104]
  0x0000026bf7d15000 ConcurrentGCThread "G1 Refine#0" [stack: 0x000000bd91700000,0x000000bd91800000] [id=9640]
  0x0000026bff450800 ConcurrentGCThread "G1 Young RemSet Sampling" [stack: 0x000000bd91800000,0x000000bd91900000] [id=16216]

Threads with active compile tasks:

VM state:not at safepoint (normal execution)

VM Mutex/Monitor currently owned by a thread: None

Heap address: 0x0000000081400000, size: 2028 MB, Compressed Oops mode: 32-bit
Narrow klass base: 0x0000000000000000, Narrow klass shift: 3
Compressed class space size: 1073741824 Address: 0x0000000100000000

Heap:
 garbage-first heap   total 131072K, used 14336K [0x0000000081400000, 0x0000000100000000)
  region size 1024K, 16 young (16384K), 0 survivors (0K)
 Metaspace       used 11577K, capacity 11829K, committed 12160K, reserved 1060864K
  class space    used 836K, capacity 882K, committed 896K, reserved 1048576K
Heap Regions: E=young(eden), S=young(survivor), O=old, HS=humongous(starts), HC=humongous(continues), CS=collection set, F=free, A=archive, TAMS=top-at-mark-start (previous, next)
|   0|0x0000000081400000, 0x0000000081400000, 0x0000000081500000|  0%| F|  |TAMS 0x0000000081400000, 0x0000000081400000| Untracked 
|   1|0x0000000081500000, 0x0000000081500000, 0x0000000081600000|  0%| F|  |TAMS 0x0000000081500000, 0x0000000081500000| Untracked 
|   2|0x0000000081600000, 0x0000000081600000, 0x0000000081700000|  0%| F|  |TAMS 0x0000000081600000, 0x0000000081600000| Untracked 
|   3|0x0000000081700000, 0x0000000081700000, 0x0000000081800000|  0%| F|  |TAMS 0x0000000081700000, 0x0000000081700000| Untracked 
|   4|0x0000000081800000, 0x0000000081800000, 0x0000000081900000|  0%| F|  |TAMS 0x0000000081800000, 0x0000000081800000| Untracked 
|   5|0x0000000081900000, 0x0000000081900000, 0x0000000081a00000|  0%| F|  |TAMS 0x0000000081900000, 0x0000000081900000| Untracked 
|   6|0x0000000081a00000, 0x0000000081a00000, 0x0000000081b00000|  0%| F|  |TAMS 0x0000000081a00000, 0x0000000081a00000| Untracked 
|   7|0x0000000081b00000, 0x0000000081b00000, 0x0000000081c00000|  0%| F|  |TAMS 0x0000000081b00000, 0x0000000081b00000| Untracked 
|   8|0x0000000081c00000, 0x0000000081c00000, 0x0000000081d00000|  0%| F|  |TAMS 0x0000000081c00000, 0x0000000081c00000| Untracked 
|   9|0x0000000081d00000, 0x0000000081d00000, 0x0000000081e00000|  0%| F|  |TAMS 0x0000000081d00000, 0x0000000081d00000| Untracked 
|  10|0x0000000081e00000, 0x0000000081e00000, 0x0000000081f00000|  0%| F|  |TAMS 0x0000000081e00000, 0x0000000081e00000| Untracked 
|  11|0x0000000081f00000, 0x0000000081f00000, 0x0000000082000000|  0%| F|  |TAMS 0x0000000081f00000, 0x0000000081f00000| Untracked 
|  12|0x0000000082000000, 0x0000000082000000, 0x0000000082100000|  0%| F|  |TAMS 0x0000000082000000, 0x0000000082000000| Untracked 
|  13|0x0000000082100000, 0x0000000082100000, 0x0000000082200000|  0%| F|  |TAMS 0x0000000082100000, 0x0000000082100000| Untracked 
|  14|0x0000000082200000, 0x0000000082200000, 0x0000000082300000|  0%| F|  |TAMS 0x0000000082200000, 0x0000000082200000| Untracked 
|  15|0x0000000082300000, 0x0000000082300000, 0x0000000082400000|  0%| F|  |TAMS 0x0000000082300000, 0x0000000082300000| Untracked 
|  16|0x0000000082400000, 0x0000000082400000, 0x0000000082500000|  0%| F|  |TAMS 0x0000000082400000, 0x0000000082400000| Untracked 
|  17|0x0000000082500000, 0x0000000082500000, 0x0000000082600000|  0%| F|  |TAMS 0x0000000082500000, 0x0000000082500000| Untracked 
|  18|0x0000000082600000, 0x0000000082600000, 0x0000000082700000|  0%| F|  |TAMS 0x0000000082600000, 0x0000000082600000| Untracked 
|  19|0x0000000082700000, 0x0000000082700000, 0x0000000082800000|  0%| F|  |TAMS 0x0000000082700000, 0x0000000082700000| Untracked 
|  20|0x0000000082800000, 0x0000000082800000, 0x0000000082900000|  0%| F|  |TAMS 0x0000000082800000, 0x0000000082800000| Untracked 
|  21|0x0000000082900000, 0x0000000082900000, 0x0000000082a00000|  0%| F|  |TAMS 0x0000000082900000, 0x0000000082900000| Untracked 
|  22|0x0000000082a00000, 0x0000000082a00000, 0x0000000082b00000|  0%| F|  |TAMS 0x0000000082a00000, 0x0000000082a00000| Untracked 
|  23|0x0000000082b00000, 0x0000000082b00000, 0x0000000082c00000|  0%| F|  |TAMS 0x0000000082b00000, 0x0000000082b00000| Untracked 
|  24|0x0000000082c00000, 0x0000000082c00000, 0x0000000082d00000|  0%| F|  |TAMS 0x0000000082c00000, 0x0000000082c00000| Untracked 
|  25|0x0000000082d00000, 0x0000000082d00000, 0x0000000082e00000|  0%| F|  |TAMS 0x0000000082d00000, 0x0000000082d00000| Untracked 
|  26|0x0000000082e00000, 0x0000000082e00000, 0x0000000082f00000|  0%| F|  |TAMS 0x0000000082e00000, 0x0000000082e00000| Untracked 
|  27|0x0000000082f00000, 0x0000000082f00000, 0x0000000083000000|  0%| F|  |TAMS 0x0000000082f00000, 0x0000000082f00000| Untracked 
|  28|0x0000000083000000, 0x0000000083000000, 0x0000000083100000|  0%| F|  |TAMS 0x0000000083000000, 0x0000000083000000| Untracked 
|  29|0x0000000083100000, 0x0000000083100000, 0x0000000083200000|  0%| F|  |TAMS 0x0000000083100000, 0x0000000083100000| Untracked 
|  30|0x0000000083200000, 0x0000000083200000, 0x0000000083300000|  0%| F|  |TAMS 0x0000000083200000, 0x0000000083200000| Untracked 
|  31|0x0000000083300000, 0x0000000083300000, 0x0000000083400000|  0%| F|  |TAMS 0x0000000083300000, 0x0000000083300000| Untracked 
|  32|0x0000000083400000, 0x0000000083400000, 0x0000000083500000|  0%| F|  |TAMS 0x0000000083400000, 0x0000000083400000| Untracked 
|  33|0x0000000083500000, 0x0000000083500000, 0x0000000083600000|  0%| F|  |TAMS 0x0000000083500000, 0x0000000083500000| Untracked 
|  34|0x0000000083600000, 0x0000000083600000, 0x0000000083700000|  0%| F|  |TAMS 0x0000000083600000, 0x0000000083600000| Untracked 
|  35|0x0000000083700000, 0x0000000083700000, 0x0000000083800000|  0%| F|  |TAMS 0x0000000083700000, 0x0000000083700000| Untracked 
|  36|0x0000000083800000, 0x0000000083800000, 0x0000000083900000|  0%| F|  |TAMS 0x0000000083800000, 0x0000000083800000| Untracked 
|  37|0x0000000083900000, 0x0000000083900000, 0x0000000083a00000|  0%| F|  |TAMS 0x0000000083900000, 0x0000000083900000| Untracked 
|  38|0x0000000083a00000, 0x0000000083a00000, 0x0000000083b00000|  0%| F|  |TAMS 0x0000000083a00000, 0x0000000083a00000| Untracked 
|  39|0x0000000083b00000, 0x0000000083b00000, 0x0000000083c00000|  0%| F|  |TAMS 0x0000000083b00000, 0x0000000083b00000| Untracked 
|  40|0x0000000083c00000, 0x0000000083c00000, 0x0000000083d00000|  0%| F|  |TAMS 0x0000000083c00000, 0x0000000083c00000| Untracked 
|  41|0x0000000083d00000, 0x0000000083d00000, 0x0000000083e00000|  0%| F|  |TAMS 0x0000000083d00000, 0x0000000083d00000| Untracked 
|  42|0x0000000083e00000, 0x0000000083e00000, 0x0000000083f00000|  0%| F|  |TAMS 0x0000000083e00000, 0x0000000083e00000| Untracked 
|  43|0x0000000083f00000, 0x0000000083f00000, 0x0000000084000000|  0%| F|  |TAMS 0x0000000083f00000, 0x0000000083f00000| Untracked 
|  44|0x0000000084000000, 0x0000000084000000, 0x0000000084100000|  0%| F|  |TAMS 0x0000000084000000, 0x0000000084000000| Untracked 
|  45|0x0000000084100000, 0x0000000084100000, 0x0000000084200000|  0%| F|  |TAMS 0x0000000084100000, 0x0000000084100000| Untracked 
|  46|0x0000000084200000, 0x0000000084200000, 0x0000000084300000|  0%| F|  |TAMS 0x0000000084200000, 0x0000000084200000| Untracked 
|  47|0x0000000084300000, 0x0000000084300000, 0x0000000084400000|  0%| F|  |TAMS 0x0000000084300000, 0x0000000084300000| Untracked 
|  48|0x0000000084400000, 0x0000000084400000, 0x0000000084500000|  0%| F|  |TAMS 0x0000000084400000, 0x0000000084400000| Untracked 
|  49|0x0000000084500000, 0x0000000084500000, 0x0000000084600000|  0%| F|  |TAMS 0x0000000084500000, 0x0000000084500000| Untracked 
|  50|0x0000000084600000, 0x0000000084600000, 0x0000000084700000|  0%| F|  |TAMS 0x0000000084600000, 0x0000000084600000| Untracked 
|  51|0x0000000084700000, 0x0000000084700000, 0x0000000084800000|  0%| F|  |TAMS 0x0000000084700000, 0x0000000084700000| Untracked 
|  52|0x0000000084800000, 0x0000000084800000, 0x0000000084900000|  0%| F|  |TAMS 0x0000000084800000, 0x0000000084800000| Untracked 
|  53|0x0000000084900000, 0x0000000084900000, 0x0000000084a00000|  0%| F|  |TAMS 0x0000000084900000, 0x0000000084900000| Untracked 
|  54|0x0000000084a00000, 0x0000000084a00000, 0x0000000084b00000|  0%| F|  |TAMS 0x0000000084a00000, 0x0000000084a00000| Untracked 
|  55|0x0000000084b00000, 0x0000000084b00000, 0x0000000084c00000|  0%| F|  |TAMS 0x0000000084b00000, 0x0000000084b00000| Untracked 
|  56|0x0000000084c00000, 0x0000000084c00000, 0x0000000084d00000|  0%| F|  |TAMS 0x0000000084c00000, 0x0000000084c00000| Untracked 
|  57|0x0000000084d00000, 0x0000000084d00000, 0x0000000084e00000|  0%| F|  |TAMS 0x0000000084d00000, 0x0000000084d00000| Untracked 
|  58|0x0000000084e00000, 0x0000000084e00000, 0x0000000084f00000|  0%| F|  |TAMS 0x0000000084e00000, 0x0000000084e00000| Untracked 
|  59|0x0000000084f00000, 0x0000000084f00000, 0x0000000085000000|  0%| F|  |TAMS 0x0000000084f00000, 0x0000000084f00000| Untracked 
|  60|0x0000000085000000, 0x0000000085000000, 0x0000000085100000|  0%| F|  |TAMS 0x0000000085000000, 0x0000000085000000| Untracked 
|  61|0x0000000085100000, 0x0000000085100000, 0x0000000085200000|  0%| F|  |TAMS 0x0000000085100000, 0x0000000085100000| Untracked 
|  62|0x0000000085200000, 0x0000000085200000, 0x0000000085300000|  0%| F|  |TAMS 0x0000000085200000, 0x0000000085200000| Untracked 
|  63|0x0000000085300000, 0x0000000085300000, 0x0000000085400000|  0%| F|  |TAMS 0x0000000085300000, 0x0000000085300000| Untracked 
|  64|0x0000000085400000, 0x0000000085400000, 0x0000000085500000|  0%| F|  |TAMS 0x0000000085400000, 0x0000000085400000| Untracked 
|  65|0x0000000085500000, 0x0000000085500000, 0x0000000085600000|  0%| F|  |TAMS 0x0000000085500000, 0x0000000085500000| Untracked 
|  66|0x0000000085600000, 0x0000000085600000, 0x0000000085700000|  0%| F|  |TAMS 0x0000000085600000, 0x0000000085600000| Untracked 
|  67|0x0000000085700000, 0x0000000085700000, 0x0000000085800000|  0%| F|  |TAMS 0x0000000085700000, 0x0000000085700000| Untracked 
|  68|0x0000000085800000, 0x0000000085800000, 0x0000000085900000|  0%| F|  |TAMS 0x0000000085800000, 0x0000000085800000| Untracked 
|  69|0x0000000085900000, 0x0000000085900000, 0x0000000085a00000|  0%| F|  |TAMS 0x0000000085900000, 0x0000000085900000| Untracked 
|  70|0x0000000085a00000, 0x0000000085a00000, 0x0000000085b00000|  0%| F|  |TAMS 0x0000000085a00000, 0x0000000085a00000| Untracked 
|  71|0x0000000085b00000, 0x0000000085b00000, 0x0000000085c00000|  0%| F|  |TAMS 0x0000000085b00000, 0x0000000085b00000| Untracked 
|  72|0x0000000085c00000, 0x0000000085c00000, 0x0000000085d00000|  0%| F|  |TAMS 0x0000000085c00000, 0x0000000085c00000| Untracked 
|  73|0x0000000085d00000, 0x0000000085d00000, 0x0000000085e00000|  0%| F|  |TAMS 0x0000000085d00000, 0x0000000085d00000| Untracked 
|  74|0x0000000085e00000, 0x0000000085e00000, 0x0000000085f00000|  0%| F|  |TAMS 0x0000000085e00000, 0x0000000085e00000| Untracked 
|  75|0x0000000085f00000, 0x0000000085f00000, 0x0000000086000000|  0%| F|  |TAMS 0x0000000085f00000, 0x0000000085f00000| Untracked 
|  76|0x0000000086000000, 0x0000000086000000, 0x0000000086100000|  0%| F|  |TAMS 0x0000000086000000, 0x0000000086000000| Untracked 
|  77|0x0000000086100000, 0x0000000086100000, 0x0000000086200000|  0%| F|  |TAMS 0x0000000086100000, 0x0000000086100000| Untracked 
|  78|0x0000000086200000, 0x0000000086200000, 0x0000000086300000|  0%| F|  |TAMS 0x0000000086200000, 0x0000000086200000| Untracked 
|  79|0x0000000086300000, 0x0000000086300000, 0x0000000086400000|  0%| F|  |TAMS 0x0000000086300000, 0x0000000086300000| Untracked 
|  80|0x0000000086400000, 0x0000000086400000, 0x0000000086500000|  0%| F|  |TAMS 0x0000000086400000, 0x0000000086400000| Untracked 
|  81|0x0000000086500000, 0x0000000086500000, 0x0000000086600000|  0%| F|  |TAMS 0x0000000086500000, 0x0000000086500000| Untracked 
|  82|0x0000000086600000, 0x0000000086600000, 0x0000000086700000|  0%| F|  |TAMS 0x0000000086600000, 0x0000000086600000| Untracked 
|  83|0x0000000086700000, 0x0000000086700000, 0x0000000086800000|  0%| F|  |TAMS 0x0000000086700000, 0x0000000086700000| Untracked 
|  84|0x0000000086800000, 0x0000000086800000, 0x0000000086900000|  0%| F|  |TAMS 0x0000000086800000, 0x0000000086800000| Untracked 
|  85|0x0000000086900000, 0x0000000086900000, 0x0000000086a00000|  0%| F|  |TAMS 0x0000000086900000, 0x0000000086900000| Untracked 
|  86|0x0000000086a00000, 0x0000000086a00000, 0x0000000086b00000|  0%| F|  |TAMS 0x0000000086a00000, 0x0000000086a00000| Untracked 
|  87|0x0000000086b00000, 0x0000000086b00000, 0x0000000086c00000|  0%| F|  |TAMS 0x0000000086b00000, 0x0000000086b00000| Untracked 
|  88|0x0000000086c00000, 0x0000000086c00000, 0x0000000086d00000|  0%| F|  |TAMS 0x0000000086c00000, 0x0000000086c00000| Untracked 
|  89|0x0000000086d00000, 0x0000000086d00000, 0x0000000086e00000|  0%| F|  |TAMS 0x0000000086d00000, 0x0000000086d00000| Untracked 
|  90|0x0000000086e00000, 0x0000000086e00000, 0x0000000086f00000|  0%| F|  |TAMS 0x0000000086e00000, 0x0000000086e00000| Untracked 
|  91|0x0000000086f00000, 0x0000000086f00000, 0x0000000087000000|  0%| F|  |TAMS 0x0000000086f00000, 0x0000000086f00000| Untracked 
|  92|0x0000000087000000, 0x0000000087000000, 0x0000000087100000|  0%| F|  |TAMS 0x0000000087000000, 0x0000000087000000| Untracked 
|  93|0x0000000087100000, 0x0000000087100000, 0x0000000087200000|  0%| F|  |TAMS 0x0000000087100000, 0x0000000087100000| Untracked 
|  94|0x0000000087200000, 0x0000000087200000, 0x0000000087300000|  0%| F|  |TAMS 0x0000000087200000, 0x0000000087200000| Untracked 
|  95|0x0000000087300000, 0x0000000087300000, 0x0000000087400000|  0%| F|  |TAMS 0x0000000087300000, 0x0000000087300000| Untracked 
|  96|0x0000000087400000, 0x0000000087400000, 0x0000000087500000|  0%| F|  |TAMS 0x0000000087400000, 0x0000000087400000| Untracked 
|  97|0x0000000087500000, 0x0000000087500000, 0x0000000087600000|  0%| F|  |TAMS 0x0000000087500000, 0x0000000087500000| Untracked 
|  98|0x0000000087600000, 0x0000000087600000, 0x0000000087700000|  0%| F|  |TAMS 0x0000000087600000, 0x0000000087600000| Untracked 
|  99|0x0000000087700000, 0x0000000087700000, 0x0000000087800000|  0%| F|  |TAMS 0x0000000087700000, 0x0000000087700000| Untracked 
| 100|0x0000000087800000, 0x0000000087800000, 0x0000000087900000|  0%| F|  |TAMS 0x0000000087800000, 0x0000000087800000| Untracked 
| 101|0x0000000087900000, 0x0000000087900000, 0x0000000087a00000|  0%| F|  |TAMS 0x0000000087900000, 0x0000000087900000| Untracked 
| 102|0x0000000087a00000, 0x0000000087a00000, 0x0000000087b00000|  0%| F|  |TAMS 0x0000000087a00000, 0x0000000087a00000| Untracked 
| 103|0x0000000087b00000, 0x0000000087b00000, 0x0000000087c00000|  0%| F|  |TAMS 0x0000000087b00000, 0x0000000087b00000| Untracked 
| 104|0x0000000087c00000, 0x0000000087c00000, 0x0000000087d00000|  0%| F|  |TAMS 0x0000000087c00000, 0x0000000087c00000| Untracked 
| 105|0x0000000087d00000, 0x0000000087d00000, 0x0000000087e00000|  0%| F|  |TAMS 0x0000000087d00000, 0x0000000087d00000| Untracked 
| 106|0x0000000087e00000, 0x0000000087e00000, 0x0000000087f00000|  0%| F|  |TAMS 0x0000000087e00000, 0x0000000087e00000| Untracked 
| 107|0x0000000087f00000, 0x0000000087f00000, 0x0000000088000000|  0%| F|  |TAMS 0x0000000087f00000, 0x0000000087f00000| Untracked 
| 108|0x0000000088000000, 0x0000000088000000, 0x0000000088100000|  0%| F|  |TAMS 0x0000000088000000, 0x0000000088000000| Untracked 
| 109|0x0000000088100000, 0x0000000088100000, 0x0000000088200000|  0%| F|  |TAMS 0x0000000088100000, 0x0000000088100000| Untracked 
| 110|0x0000000088200000, 0x0000000088200000, 0x0000000088300000|  0%| F|  |TAMS 0x0000000088200000, 0x0000000088200000| Untracked 
| 111|0x0000000088300000, 0x0000000088300000, 0x0000000088400000|  0%| F|  |TAMS 0x0000000088300000, 0x0000000088300000| Untracked 
| 112|0x0000000088400000, 0x00000000884f84f0, 0x0000000088500000| 96%| E|  |TAMS 0x0000000088400000, 0x0000000088400000| Complete 
| 113|0x0000000088500000, 0x0000000088600000, 0x0000000088600000|100%| E|CS|TAMS 0x0000000088500000, 0x0000000088500000| Complete 
| 114|0x0000000088600000, 0x0000000088700000, 0x0000000088700000|100%| E|CS|TAMS 0x0000000088600000, 0x0000000088600000| Complete 
| 115|0x0000000088700000, 0x0000000088800000, 0x0000000088800000|100%| E|CS|TAMS 0x0000000088700000, 0x0000000088700000| Complete 
| 116|0x0000000088800000, 0x0000000088900000, 0x0000000088900000|100%| E|CS|TAMS 0x0000000088800000, 0x0000000088800000| Complete 
| 117|0x0000000088900000, 0x0000000088a00000, 0x0000000088a00000|100%| E|CS|TAMS 0x0000000088900000, 0x0000000088900000| Complete 
| 118|0x0000000088a00000, 0x0000000088b00000, 0x0000000088b00000|100%| E|CS|TAMS 0x0000000088a00000, 0x0000000088a00000| Complete 
| 119|0x0000000088b00000, 0x0000000088c00000, 0x0000000088c00000|100%| E|CS|TAMS 0x0000000088b00000, 0x0000000088b00000| Complete 
| 120|0x0000000088c00000, 0x0000000088d00000, 0x0000000088d00000|100%| E|  |TAMS 0x0000000088c00000, 0x0000000088c00000| Complete 
| 121|0x0000000088d00000, 0x0000000088e00000, 0x0000000088e00000|100%| E|CS|TAMS 0x0000000088d00000, 0x0000000088d00000| Complete 
| 122|0x0000000088e00000, 0x0000000088f00000, 0x0000000088f00000|100%| E|CS|TAMS 0x0000000088e00000, 0x0000000088e00000| Complete 
| 123|0x0000000088f00000, 0x0000000089000000, 0x0000000089000000|100%| E|CS|TAMS 0x0000000088f00000, 0x0000000088f00000| Complete 
| 124|0x0000000089000000, 0x0000000089100000, 0x0000000089100000|100%| E|CS|TAMS 0x0000000089000000, 0x0000000089000000| Complete 
| 125|0x0000000089100000, 0x0000000089200000, 0x0000000089200000|100%| E|CS|TAMS 0x0000000089100000, 0x0000000089100000| Complete 
| 126|0x0000000089200000, 0x0000000089300000, 0x0000000089300000|100%| E|CS|TAMS 0x0000000089200000, 0x0000000089200000| Complete 
| 127|0x0000000089300000, 0x0000000089400000, 0x0000000089400000|100%| E|CS|TAMS 0x0000000089300000, 0x0000000089300000| Complete 

Card table byte_map: [0x0000026bf8460000,0x0000026bf8860000] _byte_map_base: 0x0000026bf8056000

Marking Bits (Prev, Next): (CMBitMap*) 0x0000026bf7c772a8, (CMBitMap*) 0x0000026bf7c772e0
 Prev Bits: [0x0000026bf8c60000, 0x0000026bfac10000)
 Next Bits: [0x0000026bfac10000, 0x0000026bfcbc0000)

Polling page: 0x0000026bf7420000

Metaspace:

Usage:
  Non-class:     10.69 MB capacity,    10.49 MB ( 98%) used,   192.29 KB (  2%) free+waste,    13.69 KB ( <1%) overhead. 
      Class:    882.00 KB capacity,   836.16 KB ( 95%) used,    40.41 KB (  5%) free+waste,     5.44 KB ( <1%) overhead. 
       Both:     11.55 MB capacity,    11.31 MB ( 98%) used,   232.70 KB (  2%) free+waste,    19.13 KB ( <1%) overhead. 

Virtual space:
  Non-class space:       12.00 MB reserved,      11.00 MB ( 92%) committed 
      Class space:        1.00 GB reserved,     896.00 KB ( <1%) committed 
             Both:        1.01 GB reserved,      11.88 MB (  1%) committed 

Chunk freelists:
   Non-Class:  15.63 KB
       Class:  1.75 KB
        Both:  17.38 KB

CodeHeap 'non-profiled nmethods': size=120000Kb used=242Kb max_used=242Kb free=119757Kb
 bounds [0x0000026b8fe70000, 0x0000026b900e0000, 0x0000026b973a0000]
CodeHeap 'profiled nmethods': size=120000Kb used=1384Kb max_used=1384Kb free=118616Kb
 bounds [0x0000026b88940000, 0x0000026b88bb0000, 0x0000026b8fe70000]
CodeHeap 'non-nmethods': size=5760Kb used=1433Kb max_used=1447Kb free=4326Kb
 bounds [0x0000026b883a0000, 0x0000026b88610000, 0x0000026b88940000]
 total_blobs=1750 nmethods=825 adapters=837
 compilation: enabled
              stopped_count=0, restarted_count=0
 full_count=0

Compilation events (10 events):
Event: 1.270 Thread 0x0000026bff61d000  821       4       org.lwjgl.glfw.GLFW::glfwWindowShouldClose (29 bytes)
Event: 1.271 Thread 0x0000026bff61d000 nmethod 821 0x0000026b8feabc90 code [0x0000026b8feabe20, 0x0000026b8feabec8]
Event: 1.271 Thread 0x0000026bff61d000  822       4       org.lwjgl.opengl.GL11::glClearColor (8 bytes)
Event: 1.271 Thread 0x0000026bff61d000 nmethod 822 0x0000026b8feac010 code [0x0000026b8feac1a0, 0x0000026b8feac208]
Event: 1.283 Thread 0x0000026bff61d000  825       4       jade.KeyListener::isKeyPressed (9 bytes)
Event: 1.284 Thread 0x0000026bff61d000 nmethod 825 0x0000026b8feac290 code [0x0000026b8feac420, 0x0000026b8feac4b8]
Event: 1.284 Thread 0x0000026bff61d000  823       4       org.lwjgl.glfw.GLFW::glfwPollEvents (12 bytes)
Event: 1.284 Thread 0x0000026bff61d000 nmethod 823 0x0000026b8feac590 code [0x0000026b8feac720, 0x0000026b8feac788]
Event: 1.284 Thread 0x0000026bff61d000  824       4       org.lwjgl.opengl.GL11::glClear (5 bytes)
Event: 1.284 Thread 0x0000026bff61d000 nmethod 824 0x0000026b8feac810 code [0x0000026b8feac9a0, 0x0000026b8feaca08]

GC Heap History (0 events):
No events

Deoptimization events (10 events):
Event: 0.136 Thread 0x0000026bf7c38000 Uncommon trap: reason=unstable_if action=reinterpret pc=0x0000026b8fe75384 method=java.lang.String.hashCode()I @ 14 c2
Event: 0.333 Thread 0x0000026bf7c38000 Uncommon trap: reason=unstable_if action=reinterpret pc=0x0000026b8fe8e314 method=java.lang.String.getBytes([BIB)V @ 5 c2
Event: 0.676 Thread 0x0000026bf7c38000 Uncommon trap: reason=profile_predicate action=maybe_recompile pc=0x0000026b8fe94690 method=jdk.internal.org.objectweb.asm.ByteVector.putUTF8(Ljava/lang/String;)Ljdk/internal/org/objectweb/asm/ByteVector; @ 77 c2
Event: 0.676 Thread 0x0000026bf7c38000 Uncommon trap: reason=profile_predicate action=maybe_recompile pc=0x0000026b8fe94690 method=jdk.internal.org.objectweb.asm.ByteVector.putUTF8(Ljava/lang/String;)Ljdk/internal/org/objectweb/asm/ByteVector; @ 77 c2
Event: 0.676 Thread 0x0000026bf7c38000 Uncommon trap: reason=profile_predicate action=maybe_recompile pc=0x0000026b8fe94690 method=jdk.internal.org.objectweb.asm.ByteVector.putUTF8(Ljava/lang/String;)Ljdk/internal/org/objectweb/asm/ByteVector; @ 77 c2
Event: 0.676 Thread 0x0000026bf7c38000 Uncommon trap: reason=profile_predicate action=maybe_recompile pc=0x0000026b8fe94690 method=jdk.internal.org.objectweb.asm.ByteVector.putUTF8(Ljava/lang/String;)Ljdk/internal/org/objectweb/asm/ByteVector; @ 77 c2
Event: 0.794 Thread 0x0000026bf7c38000 Uncommon trap: reason=profile_predicate action=maybe_recompile pc=0x0000026b8fe99b60 method=jdk.internal.jimage.ImageStringsReader.unmaskedHashCode(Ljava/lang/String;I)I @ 13 c2
Event: 0.794 Thread 0x0000026bf7c38000 Uncommon trap: reason=profile_predicate action=maybe_recompile pc=0x0000026b8fe99b60 method=jdk.internal.jimage.ImageStringsReader.unmaskedHashCode(Ljava/lang/String;I)I @ 13 c2
Event: 0.794 Thread 0x0000026bf7c38000 Uncommon trap: reason=profile_predicate action=maybe_recompile pc=0x0000026b8fe99b60 method=jdk.internal.jimage.ImageStringsReader.unmaskedHashCode(Ljava/lang/String;I)I @ 13 c2
Event: 0.794 Thread 0x0000026bf7c38000 Uncommon trap: reason=profile_predicate action=maybe_recompile pc=0x0000026b8fe99b60 method=jdk.internal.jimage.ImageStringsReader.unmaskedHashCode(Ljava/lang/String;I)I @ 13 c2

Classes redefined (0 events):
No events

Internal exceptions (10 events):
Event: 0.405 Thread 0x0000026bf7c38000 Exception <a 'java/security/PrivilegedActionException'{0x0000000088e6cc18}> (0x0000000088e6cc18) thrown at [./open/src/hotspot/share/prims/jvm.cpp, line 1296]
Event: 0.435 Thread 0x0000026bf7c38000 Exception <a 'sun/nio/fs/WindowsException'{0x0000000088d57678}> (0x0000000088d57678) thrown at [./open/src/hotspot/share/prims/jni.cpp, line 611]
Event: 0.435 Thread 0x0000026bf7c38000 Exception <a 'sun/nio/fs/WindowsException'{0x0000000088d57c50}> (0x0000000088d57c50) thrown at [./open/src/hotspot/share/prims/jni.cpp, line 611]
Event: 0.677 Thread 0x0000026bf7c38000 Exception <a 'java/lang/NoSuchMethodError'{0x0000000088dc5240}: java.lang.invoke.DirectMethodHandle$Holder.invokeStaticInit(Ljava/lang/Object;JDD)V> (0x0000000088dc5240) thrown at [./open/src/hotspot/share/interpreter/linkResolver.cpp, line 772]
Event: 0.681 Thread 0x0000026bf7c38000 Exception <a 'java/lang/NoSuchMethodError'{0x0000000088dd7e80}: java.lang.invoke.DirectMethodHandle$Holder.invokeStaticInit(Ljava/lang/Object;JIII)V> (0x0000000088dd7e80) thrown at [./open/src/hotspot/share/interpreter/linkResolver.cpp, line 772]
Event: 0.691 Thread 0x0000026bf7c38000 Exception <a 'java/lang/NoSuchMethodError'{0x0000000088df8ff8}: java.lang.invoke.DirectMethodHandle$Holder.invokeStaticInit(Ljava/lang/Object;JIIII)V> (0x0000000088df8ff8) thrown at [./open/src/hotspot/share/interpreter/linkResolver.cpp, line 772]
Event: 0.786 Thread 0x0000026bf7c38000 Exception <a 'sun/nio/fs/WindowsException'{0x0000000088c4c4d0}> (0x0000000088c4c4d0) thrown at [./open/src/hotspot/share/prims/jni.cpp, line 611]
Event: 0.786 Thread 0x0000026bf7c38000 Exception <a 'sun/nio/fs/WindowsException'{0x0000000088c4cb20}> (0x0000000088c4cb20) thrown at [./open/src/hotspot/share/prims/jni.cpp, line 611]
Event: 0.802 Thread 0x0000026bf7c38000 Exception <a 'sun/nio/fs/WindowsException'{0x0000000088c64878}> (0x0000000088c64878) thrown at [./open/src/hotspot/share/prims/jni.cpp, line 611]
Event: 0.802 Thread 0x0000026bf7c38000 Exception <a 'sun/nio/fs/WindowsException'{0x0000000088c64d38}> (0x0000000088c64d38) thrown at [./open/src/hotspot/share/prims/jni.cpp, line 611]

Events (10 events):
Event: 1.146 loading class jdk/internal/reflect/UnsafeQualifiedFieldAccessorImpl done
Event: 1.146 loading class jdk/internal/reflect/UnsafeQualifiedLongFieldAccessorImpl done
Event: 1.146 loading class org/lwjgl/system/CheckIntrinsics
Event: 1.146 loading class org/lwjgl/system/CheckIntrinsics done
Event: 1.162 loading class org/lwjgl/system/MultiReleaseMemCopy
Event: 1.162 loading class org/lwjgl/system/MultiReleaseMemCopy done
Event: 1.163 loading class util/Time
Event: 1.163 loading class util/Time done
Event: 1.168 loading class org/lwjgl/opengl/GL11C
Event: 1.168 loading class org/lwjgl/opengl/GL11C done


Dynamic libraries:
0x00007ff7cd360000 - 0x00007ff7cd36f000 	C:\Program Files\Java\jdk-11.0.9\bin\java.exe
0x00007ff870570000 - 0x00007ff870765000 	C:\Windows\SYSTEM32\ntdll.dll
0x00007ff86fa30000 - 0x00007ff86faed000 	C:\Windows\System32\KERNEL32.DLL
0x00007ff86df60000 - 0x00007ff86e229000 	C:\Windows\System32\KERNELBASE.dll
0x00007ff86dca0000 - 0x00007ff86dda0000 	C:\Windows\System32\ucrtbase.dll
0x00007ff845e70000 - 0x00007ff845e88000 	C:\Program Files\Java\jdk-11.0.9\bin\jli.dll
0x00007ff8571f0000 - 0x00007ff857205000 	C:\Program Files\Java\jdk-11.0.9\bin\VCRUNTIME140.dll
0x00007ff86f7d0000 - 0x00007ff86f87c000 	C:\Windows\System32\ADVAPI32.dll
0x00007ff86f010000 - 0x00007ff86f0ae000 	C:\Windows\System32\msvcrt.dll
0x00007ff86f240000 - 0x00007ff86f2db000 	C:\Windows\System32\sechost.dll
0x00007ff86f110000 - 0x00007ff86f23a000 	C:\Windows\System32\RPCRT4.dll
0x00007ff86ee40000 - 0x00007ff86efe0000 	C:\Windows\System32\USER32.dll
0x00007ff86ddd0000 - 0x00007ff86ddf2000 	C:\Windows\System32\win32u.dll
0x00007ff859e50000 - 0x00007ff85a0ea000 	C:\Windows\WinSxS\amd64_microsoft.windows.common-controls_6595b64144ccf1df_6.0.19041.1110_none_60b5254171f9507e\COMCTL32.dll
0x00007ff86efe0000 - 0x00007ff86f00a000 	C:\Windows\System32\GDI32.dll
0x00007ff86e230000 - 0x00007ff86e33b000 	C:\Windows\System32\gdi32full.dll
0x00007ff86e3a0000 - 0x00007ff86e43d000 	C:\Windows\System32\msvcp_win.dll
0x00007ff866010000 - 0x00007ff86601a000 	C:\Windows\SYSTEM32\VERSION.dll
0x00007ff86fe60000 - 0x00007ff86fe90000 	C:\Windows\System32\IMM32.DLL
0x00007ff82a100000 - 0x00007ff82a19b000 	C:\Program Files\Java\jdk-11.0.9\bin\msvcp140.dll
0x00007ff8095a0000 - 0x00007ff80a097000 	C:\Program Files\Java\jdk-11.0.9\bin\server\jvm.dll
0x00007ff86f7c0000 - 0x00007ff86f7c8000 	C:\Windows\System32\PSAPI.DLL
0x00007ff85a300000 - 0x00007ff85a309000 	C:\Windows\SYSTEM32\WSOCK32.dll
0x00007ff85a0f0000 - 0x00007ff85a117000 	C:\Windows\SYSTEM32\WINMM.dll
0x00007ff86fc20000 - 0x00007ff86fc8b000 	C:\Windows\System32\WS2_32.dll
0x00007ff86c540000 - 0x00007ff86c552000 	C:\Windows\SYSTEM32\kernel.appcore.dll
0x00007ff8684e0000 - 0x00007ff8684f0000 	C:\Program Files\Java\jdk-11.0.9\bin\verify.dll
0x00007ff86ba60000 - 0x00007ff86bc44000 	C:\Windows\SYSTEM32\DBGHELP.DLL
0x00007ff85a2d0000 - 0x00007ff85a2fc000 	C:\Windows\SYSTEM32\dbgcore.DLL
0x00007ff86e540000 - 0x00007ff86e5c3000 	C:\Windows\System32\bcryptPrimitives.dll
0x00007ff841490000 - 0x00007ff8414b8000 	C:\Program Files\Java\jdk-11.0.9\bin\java.dll
0x00007ff867740000 - 0x00007ff86774a000 	C:\Program Files\Java\jdk-11.0.9\bin\jimage.dll
0x00007ff841470000 - 0x00007ff841486000 	C:\Program Files\Java\jdk-11.0.9\bin\zip.dll
0x00007ff86e650000 - 0x00007ff86ed8f000 	C:\Windows\System32\SHELL32.dll
0x00007ff86bc70000 - 0x00007ff86c400000 	C:\Windows\SYSTEM32\windows.storage.dll
0x00007ff86ff70000 - 0x00007ff8702c5000 	C:\Windows\System32\combase.dll
0x00007ff86d700000 - 0x00007ff86d72c000 	C:\Windows\SYSTEM32\Wldp.dll
0x00007ff870480000 - 0x00007ff87052e000 	C:\Windows\System32\SHCORE.dll
0x00007ff86f8a0000 - 0x00007ff86f8f5000 	C:\Windows\System32\shlwapi.dll
0x00007ff86dbe0000 - 0x00007ff86dbff000 	C:\Windows\SYSTEM32\profapi.dll
0x00007ff841450000 - 0x00007ff841469000 	C:\Program Files\Java\jdk-11.0.9\bin\net.dll
0x00007ff8664f0000 - 0x00007ff8665f8000 	C:\Windows\SYSTEM32\WINHTTP.dll
0x00007ff86d410000 - 0x00007ff86d47a000 	C:\Windows\system32\mswsock.dll
0x00007ff83ebd0000 - 0x00007ff83ebe2000 	C:\Program Files\Java\jdk-11.0.9\bin\nio.dll
0x00007ff82e510000 - 0x00007ff82e574000 	C:\Users\‡ÈÏÔ\AppData\Local\Temp\lwjgl‡ÈÏÔ\3.2.3-build-13\lwjgl.dll
0x00007ff82dee0000 - 0x00007ff82df42000 	C:\Users\CD6C~1\AppData\Local\Temp\lwjgl‡ÈÏÔ\3.2.3-build-13\glfw.dll
0x00007ff86ac30000 - 0x00007ff86acce000 	C:\Windows\system32\uxtheme.dll
0x00007ff83eb80000 - 0x00007ff83ebc5000 	C:\Windows\SYSTEM32\dinput8.dll
0x00007ff8417f0000 - 0x00007ff841801000 	C:\Windows\SYSTEM32\xinput1_4.dll
0x00007ff86e4f0000 - 0x00007ff86e53e000 	C:\Windows\System32\cfgmgr32.dll
0x00007ff86da60000 - 0x00007ff86da94000 	C:\Windows\SYSTEM32\DEVOBJ.dll
0x00007ff86b5b0000 - 0x00007ff86b5df000 	C:\Windows\SYSTEM32\dwmapi.dll
0x00007ff845310000 - 0x00007ff845462000 	C:\Windows\SYSTEM32\inputhost.dll
0x00007ff86f900000 - 0x00007ff86f9cd000 	C:\Windows\System32\OLEAUT32.dll
0x00007ff86b1a0000 - 0x00007ff86b296000 	C:\Windows\SYSTEM32\PROPSYS.dll
0x00007ff869270000 - 0x00007ff8693c4000 	C:\Windows\SYSTEM32\wintypes.dll
0x00007ff86a930000 - 0x00007ff86aa22000 	C:\Windows\SYSTEM32\CoreMessaging.dll
0x00007ff86a5d0000 - 0x00007ff86a92e000 	C:\Windows\SYSTEM32\CoreUIComponents.dll
0x00007ff86c960000 - 0x00007ff86c993000 	C:\Windows\SYSTEM32\ntmarta.dll
0x00007ff86fcb0000 - 0x00007ff86fdc5000 	C:\Windows\System32\MSCTF.dll
0x00007ff86c4e0000 - 0x00007ff86c4ed000 	C:\Windows\SYSTEM32\HID.DLL
0x00007ff86f2e0000 - 0x00007ff86f752000 	C:\Windows\System32\SETUPAPI.DLL
0x00007ff86dda0000 - 0x00007ff86ddc7000 	C:\Windows\System32\bcrypt.dll
0x00007ff86e340000 - 0x00007ff86e3a0000 	C:\Windows\System32\WINTRUST.dll
0x00007ff86de00000 - 0x00007ff86df5f000 	C:\Windows\System32\CRYPT32.dll
0x00007ff86d880000 - 0x00007ff86d892000 	C:\Windows\SYSTEM32\MSASN1.dll
0x00007ff845980000 - 0x00007ff845aa5000 	C:\Windows\SYSTEM32\opengl32.dll
0x00007ff85ce90000 - 0x00007ff85cebc000 	C:\Windows\SYSTEM32\GLU32.dll
0x00007ff86ed90000 - 0x00007ff86ee39000 	C:\Windows\System32\clbcatq.dll
0x00007fffefd70000 - 0x00007ffff0d35000 	C:\Windows\System32\DriverStore\FileRepository\iigd_dch.inf_amd64_a086f01cc7be643a\ig9icd64.dll
0x00007ff86faf0000 - 0x00007ff86fc1a000 	C:\Windows\System32\ole32.dll
0x00007ff86c560000 - 0x00007ff86c654000 	C:\Windows\system32\dxgi.dll
0x00007ff860400000 - 0x00007ff86063f000 	C:\Windows\System32\DriverStore\FileRepository\iigd_dch.inf_amd64_a086f01cc7be643a\igdgmm64.dll
0x00007ff85d460000 - 0x00007ff8600c2000 	C:\Windows\System32\DriverStore\FileRepository\iigd_dch.inf_amd64_a086f01cc7be643a\igc64.dll
0x00007ff86d240000 - 0x00007ff86d28b000 	C:\Windows\SYSTEM32\powrprof.dll
0x00007ff86d0b0000 - 0x00007ff86d0c2000 	C:\Windows\SYSTEM32\UMPDC.dll
0x00007ff81c1d0000 - 0x00007ff81c5e5000 	C:\Windows\System32\DriverStore\FileRepository\iigd_dch.inf_amd64_a086f01cc7be643a\igdml64.dll
0x00007ff845470000 - 0x00007ff845569000 	C:\Windows\SYSTEM32\textinputframework.dll
0x00007ff82ddd0000 - 0x00007ff82de29000 	C:\Users\‡ÈÏÔ\AppData\Local\Temp\lwjgl‡ÈÏÔ\3.2.3-build-13\lwjgl_opengl.dll

dbghelp: loaded successfully - version: 4.0.5 - missing functions: none
symbol engine: initialized successfully - sym options: 0x614 - pdb path: .;C:\Program Files\Java\jdk-11.0.9\bin;C:\Windows\SYSTEM32;C:\Windows\WinSxS\amd64_microsoft.windows.common-controls_6595b64144ccf1df_6.0.19041.1110_none_60b5254171f9507e;C:\Program Files\Java\jdk-11.0.9\bin\server;C:\Users\‡ÈÏÔ\AppData\Local\Temp\lwjgl‡ÈÏÔ\3.2.3-build-13;C:\Users\CD6C~1\AppData\Local\Temp\lwjgl‡ÈÏÔ\3.2.3-build-13;C:\Windows\System32\DriverStore\FileRepository\iigd_dch.inf_amd64_a086f01cc7be643a

VM Arguments:
jvm_args: -Dfile.encoding=windows-1255 -Duser.country=IL -Duser.language=iw -Duser.variant 
java_command: Main
java_class_path (initial): C:\Users\‡ÈÏÔ\IdeaProjects\MarioGame\build\classes\java\main;C:\Users\‡ÈÏÔ\IdeaProjects\MarioGame\build\resources\main;C:\Users\‡ÈÏÔ\.gradle\caches\modules-2\files-2.1\org.lwjgl\lwjgl-assimp\3.2.3\f62aa07a20afbdd3097efc296c4841e0d29700eb\lwjgl-assimp-3.2.3.jar;C:\Users\‡ÈÏÔ\.gradle\caches\modules-2\files-2.1\org.lwjgl\lwjgl-assimp\3.2.3\4e60aeb75f0343c4a9ede4ef8b6b32ca702a00a3\lwjgl-assimp-3.2.3-natives-windows.jar;C:\Users\‡ÈÏÔ\.gradle\caches\modules-2\files-2.1\org.lwjgl\lwjgl-glfw\3.2.3\5e520d5c290c8b012545a8d34fa5db5ab051ea53\lwjgl-glfw-3.2.3.jar;C:\Users\‡ÈÏÔ\.gradle\caches\modules-2\files-2.1\org.lwjgl\lwjgl-glfw\3.2.3\b4d8a3477cdc2edcf7a5f1e822926be846223f54\lwjgl-glfw-3.2.3-natives-windows.jar;C:\Users\‡ÈÏÔ\.gradle\caches\modules-2\files-2.1\org.lwjgl\lwjgl-nfd\3.2.3\c44fee1043c022cf6614a28872d44cf114ca7737\lwjgl-nfd-3.2.3.jar;C:\Users\‡ÈÏÔ\.gradle\caches\modules-2\files-2.1\org.lwjgl\lwjgl-nfd\3.2.3\32782f5f5c57769efb82af864e70b819c77bc891\lwjgl-nfd-3.2.3-natives-windows.jar;C:\Users\‡ÈÏÔ\.gradle\caches\modules-2\files-2.1\org.lwjgl\lwjgl-openal\3.2.3\106742e805803ab9eab8e343f0fb31a3d263903c\lwjgl-openal-3.2.3.jar;C:\Users\‡ÈÏÔ\.gradle\caches\modules-2\files-2.1\org.lwjgl\lwjgl-openal\3.2.3\ec898e8ce11b5886f4f532a1536283ef2817758d\lwjgl-openal-3.2.3-natives-windows.jar;C:\Users\‡ÈÏÔ\.gradle\caches\modules-2\files-2.1\org.lwjgl\lwjgl-opengl\3.2.3\bdd534a323d0c8f54969b95e424b6ac8984f7d6e\lwjgl-opengl-3.2.3.jar;C:\Users\‡ÈÏÔ\.gradle\caches\modules-2\files-2.1\org.lwjgl\lwjgl-opengl\3.2.3\e81cfc73ec8708e5e791ed770e4ec3edfc1bbab1\lwjgl-opengl-3.2.3-natives-windows.jar;C:\Users\‡ÈÏÔ\.gradle\caches\modules-2\files-2.1\org.lwjgl\lwjgl-stb\3.2.3\40eccaa4fa86fc815f2e17946a392fb5fdcc286a\lwjgl-stb-3.2.3.jar;C:\Users\‡ÈÏÔ\.gradle\caches\modules-2\files-2.1\org.lwjgl\lwjgl-stb\3.2.3\817b21ec286f0ba3dcedb56a3bd275e6a9345be9\lwjgl-stb-3.2.3-natives-windows.jar;C:\Users\‡ÈÏÔ\.gradle\caches\modules-2\files-2.1\org.lwjgl\lwjgl\3.2.3\17a59ba0fe8d4
Launcher Type: SUN_STANDARD

[Global flags]
     intx CICompilerCount                          = 4                                         {product} {ergonomic}
     uint ConcGCThreads                            = 2                                         {product} {ergonomic}
     uint G1ConcRefinementThreads                  = 8                                         {product} {ergonomic}
   size_t G1HeapRegionSize                         = 1048576                                   {product} {ergonomic}
    uintx GCDrainStackTargetSize                   = 64                                        {product} {ergonomic}
   size_t InitialHeapSize                          = 134217728                                 {product} {ergonomic}
   size_t MarkStackSize                            = 4194304                                   {product} {ergonomic}
   size_t MaxHeapSize                              = 2126512128                                {product} {ergonomic}
   size_t MaxNewSize                               = 1275068416                                {product} {ergonomic}
   size_t MinHeapDeltaBytes                        = 1048576                                   {product} {ergonomic}
    uintx NonNMethodCodeHeapSize                   = 5836300                                {pd product} {ergonomic}
    uintx NonProfiledCodeHeapSize                  = 122910970                              {pd product} {ergonomic}
    uintx ProfiledCodeHeapSize                     = 122910970                              {pd product} {ergonomic}
    uintx ReservedCodeCacheSize                    = 251658240                              {pd product} {ergonomic}
     bool SegmentedCodeCache                       = true                                      {product} {ergonomic}
     bool UseCompressedClassPointers               = true                                 {lp64_product} {ergonomic}
     bool UseCompressedOops                        = true                                 {lp64_product} {ergonomic}
     bool UseG1GC                                  = true                                      {product} {ergonomic}
     bool UseLargePagesIndividualAllocation        = false                                  {pd product} {ergonomic}

Logging:
Log output configuration:
 #0: stdout all=warning uptime,level,tags
 #1: stderr all=off uptime,level,tags

Environment Variables:
JAVA_HOME=C:\Program Files\Java;C:\Program Files\Java\jdk-16.0.1;C:\Program Files\Java\jdk-16.0.1\bin
PATH=C:\Program Files\Common Files\Oracle\Java\javapath;C:\Windows\system32;C:\Windows;C:\Windows\System32\Wbem;C:\Windows\System32\WindowsPowerShell\v1.0\;C:\Windows\System32\OpenSSH\;C:\Program Files\Git\cmd;C:\Program Files\dotnet\;C:\Program Files (x86)\nodejs\;C:\Program Files (x86)\Windows Kits\10\Windows Performance Toolkit\;C:\Users\‡ÈÏÔ\AppData\Local\Microsoft\WindowsApps;C:\MinGW\bin;C:\Users\‡ÈÏÔ\.dotnet\tools;C:\Users\‡ÈÏÔ\AppData\Roaming\npm
USERNAME=‡ÈÏÔ
OS=Windows_NT
PROCESSOR_IDENTIFIER=Intel64 Family 6 Model 142 Stepping 10, GenuineIntel



---------------  S Y S T E M  ---------------

OS: Windows 10 , 64 bit Build 19041 (10.0.19041.1151)
HyperV virtualization detected

CPU:total 8 (initial active 8) (4 cores per cpu, 2 threads per core) family 6 model 142 stepping 10, cmov, cx8, fxsr, mmx, sse, sse2, sse3, ssse3, sse4.1, sse4.2, popcnt, avx, avx2, aes, clmul, erms, 3dnowpref, lzcnt, ht, tsc, tscinvbit, bmi1, bmi2, adx, fma

Memory: 4k page, system-wide physical 8108M (736M free)
TotalPageFile size 15830M (AvailPageFile size 2539M)
current process WorkingSet (physical memory assigned to process): 122M, peak: 122M
current process commit charge ("private bytes"): 229M, peak: 229M

vm_info: Java HotSpot(TM) 64-Bit Server VM (11.0.9+7-LTS) for windows-amd64 JRE (11.0.9+7-LTS), built on Sep 15 2020 16:47:03 by "mach5one" with MS VC++ 15.9 (VS2017)

END.
